# JRE version: OpenJDK Runtime Environment (8.0_242-b01) (build 1.8.0_242-release-1644-b01)
# Java VM: OpenJDK 64-Bit Server VM (25.242-b01 mixed mode windows-amd64 compressed oops)
Heap:
 PSYoungGen      total 449024K, used 300377K [0x00000000d5580000, 0x00000000f6380000, 0x0000000100000000)
  eden space 423936K, 67% used [0x00000000d5580000,0x00000000e6bac6d0,0x00000000ef380000)
  from space 25088K, 61% used [0x00000000f0f80000,0x00000000f1ea9e00,0x00000000f2800000)
  to   space 28672K, 0% used [0x00000000ef380000,0x00000000ef380000,0x00000000f0f80000)
 ParOldGen       total 181760K, used 98262K [0x0000000080000000, 0x000000008b180000, 0x00000000d5580000)
  object space 181760K, 54% used [0x0000000080000000,0x0000000085ff5bc8,0x000000008b180000)
 Metaspace       used 81189K, capacity 85352K, committed 87960K, reserved 1124352K
  class space    used 11019K, capacity 11795K, committed 12464K, reserved 1048576K
GC Heap History (10 events):
Event: 22.329 GC heap before
{Heap before GC invocations=22 (full 4):
 PSYoungGen      total 443904K, used 422328K [0x00000000d5580000, 0x00000000f2800000, 0x0000000100000000)
  eden space 410112K, 100% used [0x00000000d5580000,0x00000000ee600000,0x00000000ee600000)
  from space 33792K, 36% used [0x00000000ee600000,0x00000000ef1ee1b0,0x00000000f0700000)
  to   space 25088K, 0% used [0x00000000f0f80000,0x00000000f0f80000,0x00000000f2800000)
 ParOldGen       total 181760K, used 77416K [0x0000000080000000, 0x000000008b180000, 0x00000000d5580000)
  object space 181760K, 42% used [0x0000000080000000,0x0000000084b9a050,0x000000008b180000)
 Metaspace       used 80745K, capacity 84970K, committed 87704K, reserved 1124352K
  class space    used 11017K, capacity 11794K, committed 12464K, reserved 1048576K
Event: 22.360 GC heap after
Heap after GC invocations=22 (full 4):
 PSYoungGen      total 435200K, used 4480K [0x00000000d5580000, 0x00000000f2800000, 0x0000000100000000)
  eden space 410112K, 0% used [0x00000000d5580000,0x00000000d5580000,0x00000000ee600000)
  from space 25088K, 17% used [0x00000000f0f80000,0x00000000f13e0000,0x00000000f2800000)
  to   space 33792K, 0% used [0x00000000ee600000,0x00000000ee600000,0x00000000f0700000)
 ParOldGen       total 181760K, used 87627K [0x0000000080000000, 0x000000008b180000, 0x00000000d5580000)
  object space 181760K, 48% used [0x0000000080000000,0x0000000085592f18,0x000000008b180000)
 Metaspace       used 80745K, capacity 84970K, committed 87704K, reserved 1124352K
  class space    used 11017K, capacity 11794K, committed 12464K, reserved 1048576K
}
Event: 23.071 GC heap before
{Heap before GC invocations=23 (full 4):
 PSYoungGen      total 435200K, used 414592K [0x00000000d5580000, 0x00000000f2800000, 0x0000000100000000)
  eden space 410112K, 100% used [0x00000000d5580000,0x00000000ee600000,0x00000000ee600000)
  from space 25088K, 17% used [0x00000000f0f80000,0x00000000f13e0000,0x00000000f2800000)
  to   space 33792K, 0% used [0x00000000ee600000,0x00000000ee600000,0x00000000f0700000)
 ParOldGen       total 181760K, used 87627K [0x0000000080000000, 0x000000008b180000, 0x00000000d5580000)
  object space 181760K, 48% used [0x0000000080000000,0x0000000085592f18,0x000000008b180000)
 Metaspace       used 80864K, capacity 85058K, committed 87704K, reserved 1124352K
  class space    used 11017K, capacity 11794K, committed 12464K, reserved 1048576K
Event: 23.085 GC heap after
Heap after GC invocations=23 (full 4):
 PSYoungGen      total 443904K, used 4448K [0x00000000d5580000, 0x00000000f2800000, 0x0000000100000000)
  eden space 410112K, 0% used [0x00000000d5580000,0x00000000d5580000,0x00000000ee600000)
  from space 33792K, 13% used [0x00000000ee600000,0x00000000eea58010,0x00000000f0700000)
  to   space 25088K, 0% used [0x00000000f0f80000,0x00000000f0f80000,0x00000000f2800000)
 ParOldGen       total 181760K, used 91135K [0x0000000080000000, 0x000000008b180000, 0x00000000d5580000)
  object space 181760K, 50% used [0x0000000080000000,0x00000000858fff48,0x000000008b180000)
 Metaspace       used 80864K, capacity 85058K, committed 87704K, reserved 1124352K
  class space    used 11017K, capacity 11794K, committed 12464K, reserved 1048576K
}
Event: 23.766 GC heap before
{Heap before GC invocations=24 (full 4):
 PSYoungGen      total 443904K, used 414560K [0x00000000d5580000, 0x00000000f2800000, 0x0000000100000000)
  eden space 410112K, 100% used [0x00000000d5580000,0x00000000ee600000,0x00000000ee600000)
  from space 33792K, 13% used [0x00000000ee600000,0x00000000eea58010,0x00000000f0700000)
  to   space 25088K, 0% used [0x00000000f0f80000,0x00000000f0f80000,0x00000000f2800000)
 ParOldGen       total 181760K, used 91135K [0x0000000080000000, 0x000000008b180000, 0x00000000d5580000)
  object space 181760K, 50% used [0x0000000080000000,0x00000000858fff48,0x000000008b180000)
 Metaspace       used 81033K, capacity 85208K, committed 87704K, reserved 1124352K
  class space    used 11019K, capacity 11795K, committed 12464K, reserved 1048576K
Event: 23.789 GC heap after
Heap after GC invocations=24 (full 4):
 PSYoungGen      total 435200K, used 5113K [0x00000000d5580000, 0x00000000f2800000, 0x0000000100000000)
  eden space 410112K, 0% used [0x00000000d5580000,0x00000000d5580000,0x00000000ee600000)
  from space 25088K, 20% used [0x00000000f0f80000,0x00000000f147e758,0x00000000f2800000)
  to   space 33792K, 0% used [0x00000000ee600000,0x00000000ee600000,0x00000000f0700000)
 ParOldGen       total 181760K, used 94535K [0x0000000080000000, 0x000000008b180000, 0x00000000d5580000)
  object space 181760K, 52% used [0x0000000080000000,0x0000000085c51c28,0x000000008b180000)
 Metaspace       used 81033K, capacity 85208K, committed 87704K, reserved 1124352K
  class space    used 11019K, capacity 11795K, committed 12464K, reserved 1048576K
}
Event: 24.677 GC heap before
{Heap before GC invocations=25 (full 4):
 PSYoungGen      total 435200K, used 415225K [0x00000000d5580000, 0x00000000f2800000, 0x0000000100000000)
  eden space 410112K, 100% used [0x00000000d5580000,0x00000000ee600000,0x00000000ee600000)
  from space 25088K, 20% used [0x00000000f0f80000,0x00000000f147e758,0x00000000f2800000)
  to   space 33792K, 0% used [0x00000000ee600000,0x00000000ee600000,0x00000000f0700000)
 ParOldGen       total 181760K, used 94535K [0x0000000080000000, 0x000000008b180000, 0x00000000d5580000)
  object space 181760K, 52% used [0x0000000080000000,0x0000000085c51c28,0x000000008b180000)
 Metaspace       used 81109K, capacity 85284K, committed 87960K, reserved 1124352K
  class space    used 11019K, capacity 11795K, committed 12464K, reserved 1048576K
Event: 24.699 GC heap after
Heap after GC invocations=25 (full 4):
 PSYoungGen      total 443904K, used 12164K [0x00000000d5580000, 0x00000000f2800000, 0x0000000100000000)
  eden space 410112K, 0% used [0x00000000d5580000,0x00000000d5580000,0x00000000ee600000)
  from space 33792K, 35% used [0x00000000ee600000,0x00000000ef1e1230,0x00000000f0700000)
  to   space 25088K, 0% used [0x00000000f0f80000,0x00000000f0f80000,0x00000000f2800000)
 ParOldGen       total 181760K, used 98262K [0x0000000080000000, 0x000000008b180000, 0x00000000d5580000)
  object space 181760K, 54% used [0x0000000080000000,0x0000000085ff5bc8,0x000000008b180000)
 Metaspace       used 81109K, capacity 85284K, committed 87960K, reserved 1124352K
  class space    used 11019K, capacity 11795K, committed 12464K, reserved 1048576K
}
Event: 25.639 GC heap before
{Heap before GC invocations=26 (full 4):
 PSYoungGen      total 443904K, used 422276K [0x00000000d5580000, 0x00000000f2800000, 0x0000000100000000)
  eden space 410112K, 100% used [0x00000000d5580000,0x00000000ee600000,0x00000000ee600000)
  from space 33792K, 35% used [0x00000000ee600000,0x00000000ef1e1230,0x00000000f0700000)
  to   space 25088K, 0% used [0x00000000f0f80000,0x00000000f0f80000,0x00000000f2800000)
 ParOldGen       total 181760K, used 98262K [0x0000000080000000, 0x000000008b180000, 0x00000000d5580000)
  object space 181760K, 54% used [0x0000000080000000,0x0000000085ff5bc8,0x000000008b180000)
 Metaspace       used 81154K, capacity 85348K, committed 87960K, reserved 1124352K
  class space    used 11019K, capacity 11795K, committed 12464K, reserved 1048576K
Event: 25.661 GC heap after
Heap after GC invocations=26 (full 4):
 PSYoungGen      total 449024K, used 15527K [0x00000000d5580000, 0x00000000f6380000, 0x0000000100000000)
  eden space 423936K, 0% used [0x00000000d5580000,0x00000000d5580000,0x00000000ef380000)
  from space 25088K, 61% used [0x00000000f0f80000,0x00000000f1ea9e00,0x00000000f2800000)
  to   space 28672K, 0% used [0x00000000ef380000,0x00000000ef380000,0x00000000f0f80000)
 ParOldGen       total 181760K, used 98262K [0x0000000080000000, 0x000000008b180000, 0x00000000d5580000)
  object space 181760K, 54% used [0x0000000080000000,0x0000000085ff5bc8,0x000000008b180000)
 Metaspace       used 81154K, capacity 85348K, committed 87960K, reserved 1124352K
  class space    used 11019K, capacity 11795K, committed 12464K, reserved 1048576K
}

