# JRE version: OpenJDK Runtime Environment (8.0_242-b01) (build 1.8.0_242-release-1644-b01)
# Java VM: OpenJDK 64-Bit Server VM (25.242-b01 mixed mode windows-amd64 compressed oops)
Heap:
 PSYoungGen      total 284160K, used 66462K [0x00000000d5580000, 0x00000000e8d00000, 0x0000000100000000)
  eden space 253440K, 14% used [0x00000000d5580000,0x00000000d7974a60,0x00000000e4d00000)
  from space 30720K, 96% used [0x00000000e6f00000,0x00000000e8bf30b0,0x00000000e8d00000)
  to   space 32768K, 0% used [0x00000000e4d00000,0x00000000e4d00000,0x00000000e6d00000)
 ParOldGen       total 195584K, used 61811K [0x0000000080000000, 0x000000008bf00000, 0x00000000d5580000)
  object space 195584K, 31% used [0x0000000080000000,0x0000000083c5cdb0,0x000000008bf00000)
 Metaspace       used 104934K, capacity 110264K, committed 110808K, reserved 1144832K
  class space    used 13635K, capacity 14670K, committed 14848K, reserved 1048576K
GC Heap History (10 events):
Event: 10033.021 GC heap before
{Heap before GC invocations=22 (full 4):
 PSYoungGen      total 226816K, used 5618K [0x00000000d5580000, 0x00000000e7280000, 0x0000000100000000)
  eden space 221184K, 0% used [0x00000000d5580000,0x00000000d5580000,0x00000000e2d80000)
  from space 5632K, 99% used [0x00000000e5980000,0x00000000e5efcb70,0x00000000e5f00000)
  to   space 35328K, 0% used [0x00000000e2d80000,0x00000000e2d80000,0x00000000e5000000)
 ParOldGen       total 135680K, used 89738K [0x0000000080000000, 0x0000000088480000, 0x00000000d5580000)
  object space 135680K, 66% used [0x0000000080000000,0x00000000857a2950,0x0000000088480000)
 Metaspace       used 93061K, capacity 98244K, committed 98380K, reserved 1134592K
  class space    used 12173K, capacity 13219K, committed 13312K, reserved 1048576K
Event: 10034.156 GC heap after
Heap after GC invocations=22 (full 4):
 PSYoungGen      total 226816K, used 0K [0x00000000d5580000, 0x00000000e7280000, 0x0000000100000000)
  eden space 221184K, 0% used [0x00000000d5580000,0x00000000d5580000,0x00000000e2d80000)
  from space 5632K, 0% used [0x00000000e5980000,0x00000000e5980000,0x00000000e5f00000)
  to   space 35328K, 0% used [0x00000000e2d80000,0x00000000e2d80000,0x00000000e5000000)
 ParOldGen       total 195584K, used 46015K [0x0000000080000000, 0x000000008bf00000, 0x00000000d5580000)
  object space 195584K, 23% used [0x0000000080000000,0x0000000082cefc40,0x000000008bf00000)
 Metaspace       used 91784K, capacity 95556K, committed 98380K, reserved 1134592K
  class space    used 11871K, capacity 12682K, committed 13312K, reserved 1048576K
}
Event: 10036.887 GC heap before
{Heap before GC invocations=23 (full 4):
 PSYoungGen      total 226816K, used 221184K [0x00000000d5580000, 0x00000000e7280000, 0x0000000100000000)
  eden space 221184K, 100% used [0x00000000d5580000,0x00000000e2d80000,0x00000000e2d80000)
  from space 5632K, 0% used [0x00000000e5980000,0x00000000e5980000,0x00000000e5f00000)
  to   space 35328K, 0% used [0x00000000e2d80000,0x00000000e2d80000,0x00000000e5000000)
 ParOldGen       total 195584K, used 46015K [0x0000000080000000, 0x000000008bf00000, 0x00000000d5580000)
  object space 195584K, 23% used [0x0000000080000000,0x0000000082cefc40,0x000000008bf00000)
 Metaspace       used 94894K, capacity 98786K, committed 101464K, reserved 1136640K
  class space    used 12272K, capacity 13085K, committed 13696K, reserved 1048576K
Event: 10036.915 GC heap after
Heap after GC invocations=23 (full 4):
 PSYoungGen      total 256512K, used 10650K [0x00000000d5580000, 0x00000000e9080000, 0x0000000100000000)
  eden space 221184K, 0% used [0x00000000d5580000,0x00000000d5580000,0x00000000e2d80000)
  from space 35328K, 30% used [0x00000000e2d80000,0x00000000e37e68a0,0x00000000e5000000)
  to   space 34304K, 0% used [0x00000000e6f00000,0x00000000e6f00000,0x00000000e9080000)
 ParOldGen       total 195584K, used 46023K [0x0000000080000000, 0x000000008bf00000, 0x00000000d5580000)
  object space 195584K, 23% used [0x0000000080000000,0x0000000082cf1c40,0x000000008bf00000)
 Metaspace       used 94894K, capacity 98786K, committed 101464K, reserved 1136640K
  class space    used 12272K, capacity 13085K, committed 13696K, reserved 1048576K
}
Event: 10038.715 GC heap before
{Heap before GC invocations=24 (full 4):
 PSYoungGen      total 256512K, used 231834K [0x00000000d5580000, 0x00000000e9080000, 0x0000000100000000)
  eden space 221184K, 100% used [0x00000000d5580000,0x00000000e2d80000,0x00000000e2d80000)
  from space 35328K, 30% used [0x00000000e2d80000,0x00000000e37e68a0,0x00000000e5000000)
  to   space 34304K, 0% used [0x00000000e6f00000,0x00000000e6f00000,0x00000000e9080000)
 ParOldGen       total 195584K, used 46023K [0x0000000080000000, 0x000000008bf00000, 0x00000000d5580000)
  object space 195584K, 23% used [0x0000000080000000,0x0000000082cf1c40,0x000000008bf00000)
 Metaspace       used 96442K, capacity 100462K, committed 102872K, reserved 1138688K
  class space    used 12475K, capacity 13315K, committed 13824K, reserved 1048576K
Event: 10038.732 GC heap after
Heap after GC invocations=24 (full 4):
 PSYoungGen      total 284160K, used 11978K [0x00000000d5580000, 0x00000000e8d00000, 0x0000000100000000)
  eden space 253440K, 0% used [0x00000000d5580000,0x00000000d5580000,0x00000000e4d00000)
  from space 30720K, 38% used [0x00000000e6f00000,0x00000000e7ab2b18,0x00000000e8d00000)
  to   space 32768K, 0% used [0x00000000e4d00000,0x00000000e4d00000,0x00000000e6d00000)
 ParOldGen       total 195584K, used 46031K [0x0000000080000000, 0x000000008bf00000, 0x00000000d5580000)
  object space 195584K, 23% used [0x0000000080000000,0x0000000082cf3c40,0x000000008bf00000)
 Metaspace       used 96442K, capacity 100462K, committed 102872K, reserved 1138688K
  class space    used 12475K, capacity 13315K, committed 13824K, reserved 1048576K
}
Event: 10041.584 GC heap before
{Heap before GC invocations=25 (full 4):
 PSYoungGen      total 284160K, used 265418K [0x00000000d5580000, 0x00000000e8d00000, 0x0000000100000000)
  eden space 253440K, 100% used [0x00000000d5580000,0x00000000e4d00000,0x00000000e4d00000)
  from space 30720K, 38% used [0x00000000e6f00000,0x00000000e7ab2b18,0x00000000e8d00000)
  to   space 32768K, 0% used [0x00000000e4d00000,0x00000000e4d00000,0x00000000e6d00000)
 ParOldGen       total 195584K, used 46031K [0x0000000080000000, 0x000000008bf00000, 0x00000000d5580000)
  object space 195584K, 23% used [0x0000000080000000,0x0000000082cf3c40,0x000000008bf00000)
 Metaspace       used 102365K, capacity 107090K, committed 108248K, reserved 1142784K
  class space    used 13366K, capacity 14333K, committed 14592K, reserved 1048576K
Event: 10041.711 GC heap after
Heap after GC invocations=25 (full 4):
 PSYoungGen      total 286208K, used 32738K [0x00000000d5580000, 0x00000000e8d00000, 0x0000000100000000)
  eden space 253440K, 0% used [0x00000000d5580000,0x00000000d5580000,0x00000000e4d00000)
  from space 32768K, 99% used [0x00000000e4d00000,0x00000000e6cf8ae0,0x00000000e6d00000)
  to   space 30720K, 0% used [0x00000000e6f00000,0x00000000e6f00000,0x00000000e8d00000)
 ParOldGen       total 195584K, used 55742K [0x0000000080000000, 0x000000008bf00000, 0x00000000d5580000)
  object space 195584K, 28% used [0x0000000080000000,0x000000008366f978,0x000000008bf00000)
 Metaspace       used 102365K, capacity 107090K, committed 108248K, reserved 1142784K
  class space    used 13366K, capacity 14333K, committed 14592K, reserved 1048576K
}
Event: 10044.953 GC heap before
{Heap before GC invocations=26 (full 4):
 PSYoungGen      total 286208K, used 286178K [0x00000000d5580000, 0x00000000e8d00000, 0x0000000100000000)
  eden space 253440K, 100% used [0x00000000d5580000,0x00000000e4d00000,0x00000000e4d00000)
  from space 32768K, 99% used [0x00000000e4d00000,0x00000000e6cf8ae0,0x00000000e6d00000)
  to   space 30720K, 0% used [0x00000000e6f00000,0x00000000e6f00000,0x00000000e8d00000)
 ParOldGen       total 195584K, used 55742K [0x0000000080000000, 0x000000008bf00000, 0x00000000d5580000)
  object space 195584K, 28% used [0x0000000080000000,0x000000008366f978,0x000000008bf00000)
 Metaspace       used 104842K, capacity 110168K, committed 110552K, reserved 1144832K
  class space    used 13632K, capacity 14666K, committed 14848K, reserved 1048576K
Event: 10045.267 GC heap after
Heap after GC invocations=26 (full 4):
 PSYoungGen      total 284160K, used 29644K [0x00000000d5580000, 0x00000000e8d00000, 0x0000000100000000)
  eden space 253440K, 0% used [0x00000000d5580000,0x00000000d5580000,0x00000000e4d00000)
  from space 30720K, 96% used [0x00000000e6f00000,0x00000000e8bf30b0,0x00000000e8d00000)
  to   space 32768K, 0% used [0x00000000e4d00000,0x00000000e4d00000,0x00000000e6d00000)
 ParOldGen       total 195584K, used 61811K [0x0000000080000000, 0x000000008bf00000, 0x00000000d5580000)
  object space 195584K, 31% used [0x0000000080000000,0x0000000083c5cdb0,0x000000008bf00000)
 Metaspace       used 104842K, capacity 110168K, committed 110552K, reserved 1144832K
  class space    used 13632K, capacity 14666K, committed 14848K, reserved 1048576K
}

