# JRE version: OpenJDK Runtime Environment (8.0_242-b01) (build 1.8.0_242-release-1644-b01)
# Java VM: OpenJDK 64-Bit Server VM (25.242-b01 mixed mode windows-amd64 compressed oops)
Heap:
 PSYoungGen      total 361472K, used 85165K [0x00000000d5580000, 0x00000000edf80000, 0x0000000100000000)
  eden space 326656K, 16% used [0x00000000d5580000,0x00000000d8aeb2b8,0x00000000e9480000)
  from space 34816K, 87% used [0x00000000ebd80000,0x00000000edb40288,0x00000000edf80000)
  to   space 38400K, 0% used [0x00000000e9480000,0x00000000e9480000,0x00000000eba00000)
 ParOldGen       total 232960K, used 136322K [0x0000000080000000, 0x000000008e380000, 0x00000000d5580000)
  object space 232960K, 58% used [0x0000000080000000,0x0000000088520a48,0x000000008e380000)
 Metaspace       used 101956K, capacity 107672K, committed 107736K, reserved 1142784K
  class space    used 13430K, capacity 14559K, committed 14592K, reserved 1048576K
GC Heap History (10 events):
Event: 435.123 GC heap before
{Heap before GC invocations=32 (full 4):
 PSYoungGen      total 365056K, used 328652K [0x00000000d5580000, 0x00000000edf80000, 0x0000000100000000)
  eden space 326656K, 100% used [0x00000000d5580000,0x00000000e9480000,0x00000000e9480000)
  from space 38400K, 5% used [0x00000000e9480000,0x00000000e96733a8,0x00000000eba00000)
  to   space 34816K, 0% used [0x00000000ebd80000,0x00000000ebd80000,0x00000000edf80000)
 ParOldGen       total 232960K, used 109637K [0x0000000080000000, 0x000000008e380000, 0x00000000d5580000)
  object space 232960K, 47% used [0x0000000080000000,0x0000000086b11608,0x000000008e380000)
 Metaspace       used 99567K, capacity 104958K, committed 105176K, reserved 1140736K
  class space    used 13188K, capacity 14274K, committed 14336K, reserved 1048576K
Event: 435.131 GC heap after
Heap after GC invocations=32 (full 4):
 PSYoungGen      total 361472K, used 3392K [0x00000000d5580000, 0x00000000edf80000, 0x0000000100000000)
  eden space 326656K, 0% used [0x00000000d5580000,0x00000000d5580000,0x00000000e9480000)
  from space 34816K, 9% used [0x00000000ebd80000,0x00000000ec0d0000,0x00000000edf80000)
  to   space 38400K, 0% used [0x00000000e9480000,0x00000000e9480000,0x00000000eba00000)
 ParOldGen       total 232960K, used 111306K [0x0000000080000000, 0x000000008e380000, 0x00000000d5580000)
  object space 232960K, 47% used [0x0000000080000000,0x0000000086cb29b0,0x000000008e380000)
 Metaspace       used 99567K, capacity 104958K, committed 105176K, reserved 1140736K
  class space    used 13188K, capacity 14274K, committed 14336K, reserved 1048576K
}
Event: 436.408 GC heap before
{Heap before GC invocations=33 (full 4):
 PSYoungGen      total 361472K, used 330048K [0x00000000d5580000, 0x00000000edf80000, 0x0000000100000000)
  eden space 326656K, 100% used [0x00000000d5580000,0x00000000e9480000,0x00000000e9480000)
  from space 34816K, 9% used [0x00000000ebd80000,0x00000000ec0d0000,0x00000000edf80000)
  to   space 38400K, 0% used [0x00000000e9480000,0x00000000e9480000,0x00000000eba00000)
 ParOldGen       total 232960K, used 111306K [0x0000000080000000, 0x000000008e380000, 0x00000000d5580000)
  object space 232960K, 47% used [0x0000000080000000,0x0000000086cb29b0,0x000000008e380000)
 Metaspace       used 99583K, capacity 104958K, committed 105176K, reserved 1140736K
  class space    used 13188K, capacity 14274K, committed 14336K, reserved 1048576K
Event: 436.417 GC heap after
Heap after GC invocations=33 (full 4):
 PSYoungGen      total 365056K, used 2848K [0x00000000d5580000, 0x00000000edf80000, 0x0000000100000000)
  eden space 326656K, 0% used [0x00000000d5580000,0x00000000d5580000,0x00000000e9480000)
  from space 38400K, 7% used [0x00000000e9480000,0x00000000e9748000,0x00000000eba00000)
  to   space 34816K, 0% used [0x00000000ebd80000,0x00000000ebd80000,0x00000000edf80000)
 ParOldGen       total 232960K, used 114337K [0x0000000080000000, 0x000000008e380000, 0x00000000d5580000)
  object space 232960K, 49% used [0x0000000080000000,0x0000000086fa86d8,0x000000008e380000)
 Metaspace       used 99583K, capacity 104958K, committed 105176K, reserved 1140736K
  class space    used 13188K, capacity 14274K, committed 14336K, reserved 1048576K
}
Event: 437.683 GC heap before
{Heap before GC invocations=34 (full 4):
 PSYoungGen      total 365056K, used 329504K [0x00000000d5580000, 0x00000000edf80000, 0x0000000100000000)
  eden space 326656K, 100% used [0x00000000d5580000,0x00000000e9480000,0x00000000e9480000)
  from space 38400K, 7% used [0x00000000e9480000,0x00000000e9748000,0x00000000eba00000)
  to   space 34816K, 0% used [0x00000000ebd80000,0x00000000ebd80000,0x00000000edf80000)
 ParOldGen       total 232960K, used 114337K [0x0000000080000000, 0x000000008e380000, 0x00000000d5580000)
  object space 232960K, 49% used [0x0000000080000000,0x0000000086fa86d8,0x000000008e380000)
 Metaspace       used 99586K, capacity 104962K, committed 105176K, reserved 1140736K
  class space    used 13188K, capacity 14274K, committed 14336K, reserved 1048576K
Event: 437.691 GC heap after
Heap after GC invocations=34 (full 4):
 PSYoungGen      total 361472K, used 5664K [0x00000000d5580000, 0x00000000edf80000, 0x0000000100000000)
  eden space 326656K, 0% used [0x00000000d5580000,0x00000000d5580000,0x00000000e9480000)
  from space 34816K, 16% used [0x00000000ebd80000,0x00000000ec308000,0x00000000edf80000)
  to   space 38400K, 0% used [0x00000000e9480000,0x00000000e9480000,0x00000000eba00000)
 ParOldGen       total 232960K, used 114337K [0x0000000080000000, 0x000000008e380000, 0x00000000d5580000)
  object space 232960K, 49% used [0x0000000080000000,0x0000000086fa86d8,0x000000008e380000)
 Metaspace       used 99586K, capacity 104962K, committed 105176K, reserved 1140736K
  class space    used 13188K, capacity 14274K, committed 14336K, reserved 1048576K
}
Event: 439.836 GC heap before
{Heap before GC invocations=35 (full 4):
 PSYoungGen      total 361472K, used 332320K [0x00000000d5580000, 0x00000000edf80000, 0x0000000100000000)
  eden space 326656K, 100% used [0x00000000d5580000,0x00000000e9480000,0x00000000e9480000)
  from space 34816K, 16% used [0x00000000ebd80000,0x00000000ec308000,0x00000000edf80000)
  to   space 38400K, 0% used [0x00000000e9480000,0x00000000e9480000,0x00000000eba00000)
 ParOldGen       total 232960K, used 114337K [0x0000000080000000, 0x000000008e380000, 0x00000000d5580000)
  object space 232960K, 49% used [0x0000000080000000,0x0000000086fa86d8,0x000000008e380000)
 Metaspace       used 100489K, capacity 105964K, committed 106328K, reserved 1140736K
  class space    used 13277K, capacity 14355K, committed 14464K, reserved 1048576K
Event: 440.002 GC heap after
Heap after GC invocations=35 (full 4):
 PSYoungGen      total 365056K, used 38383K [0x00000000d5580000, 0x00000000edf80000, 0x0000000100000000)
  eden space 326656K, 0% used [0x00000000d5580000,0x00000000d5580000,0x00000000e9480000)
  from space 38400K, 99% used [0x00000000e9480000,0x00000000eb9fbfa0,0x00000000eba00000)
  to   space 34816K, 0% used [0x00000000ebd80000,0x00000000ebd80000,0x00000000edf80000)
 ParOldGen       total 232960K, used 133392K [0x0000000080000000, 0x000000008e380000, 0x00000000d5580000)
  object space 232960K, 57% used [0x0000000080000000,0x0000000088244398,0x000000008e380000)
 Metaspace       used 100489K, capacity 105964K, committed 106328K, reserved 1140736K
  class space    used 13277K, capacity 14355K, committed 14464K, reserved 1048576K
}
Event: 806.714 GC heap before
{Heap before GC invocations=36 (full 4):
 PSYoungGen      total 365056K, used 365039K [0x00000000d5580000, 0x00000000edf80000, 0x0000000100000000)
  eden space 326656K, 100% used [0x00000000d5580000,0x00000000e9480000,0x00000000e9480000)
  from space 38400K, 99% used [0x00000000e9480000,0x00000000eb9fbfa0,0x00000000eba00000)
  to   space 34816K, 0% used [0x00000000ebd80000,0x00000000ebd80000,0x00000000edf80000)
 ParOldGen       total 232960K, used 133392K [0x0000000080000000, 0x000000008e380000, 0x00000000d5580000)
  object space 232960K, 57% used [0x0000000080000000,0x0000000088244398,0x000000008e380000)
 Metaspace       used 101955K, capacity 107672K, committed 107736K, reserved 1142784K
  class space    used 13429K, capacity 14559K, committed 14592K, reserved 1048576K
Event: 807.304 GC heap after
Heap after GC invocations=36 (full 4):
 PSYoungGen      total 361472K, used 30464K [0x00000000d5580000, 0x00000000edf80000, 0x0000000100000000)
  eden space 326656K, 0% used [0x00000000d5580000,0x00000000d5580000,0x00000000e9480000)
  from space 34816K, 87% used [0x00000000ebd80000,0x00000000edb40288,0x00000000edf80000)
  to   space 38400K, 0% used [0x00000000e9480000,0x00000000e9480000,0x00000000eba00000)
 ParOldGen       total 232960K, used 136322K [0x0000000080000000, 0x000000008e380000, 0x00000000d5580000)
  object space 232960K, 58% used [0x0000000080000000,0x0000000088520a48,0x000000008e380000)
 Metaspace       used 101955K, capacity 107672K, committed 107736K, reserved 1142784K
  class space    used 13429K, capacity 14559K, committed 14592K, reserved 1048576K
}

